  add.c
test.obj : error LNK2019: 无法解析的外部符号 _add，函数 _main 中引用了该符号
D:\code\static\Debug\static.exe : fatal error LNK1120: 1 个无法解析的外部命令
